./myteams/libmyteams.so:1: MAJOR:C-O1
./myteams/logging_client.h:1: MINOR:C-G1
./myteams/logging_client.h:9: MINOR:C-G3
./myteams/logging_client.h:11: MINOR:C-G3
./myteams/logging_client.h:13: MINOR:C-G3
./myteams/logging_client.h:14: MINOR:C-G3
./myteams/logging_client.h:15: MINOR:C-G3
./myteams/logging_client.h:36: MAJOR:C-F3
./myteams/logging_client.h:40: MAJOR:C-F3
./myteams/logging_client.h:57: MAJOR:C-F3
./myteams/logging_client.h:67: MAJOR:C-F3
./myteams/logging_client.h:134: MAJOR:C-F5
./myteams/logging_client.h:162: MAJOR:C-F3
./myteams/logging_client.h:209: MAJOR:C-F5
./myteams/logging_client.h:388: MAJOR:C-F5
./myteams/logging_client.h:434: MAJOR:C-F5
./myteams/logging_server.h:1: MINOR:C-G1
./myteams/logging_server.h:9: MINOR:C-G3
./myteams/logging_server.h:54: MAJOR:C-F5
./myteams/logging_server.h:93: MAJOR:C-F3
